<?xml version="1.0" encoding="UTF-8"?>
<testng-results ignored="0" total="2" passed="2" failed="0" skipped="0">
  <reporter-output>
  </reporter-output>
  <suite started-at="2024-09-16T17:14:22 IST" name="Default suite" finished-at="2024-09-16T17:14:36 IST" duration-ms="13396">
    <groups>
    </groups>
    <test started-at="2024-09-16T17:14:22 IST" name="Default test" finished-at="2024-09-16T17:14:36 IST" duration-ms="13396">
      <class name="TestNG.TestNGDataProvider">
        <test-method is-config="true" signature="enterurl()[pri:0, instance:TestNG.TestNGDataProvider@537f60bf]" started-at="2024-09-16T17:14:22 IST" name="enterurl" finished-at="2024-09-16T17:14:31 IST" duration-ms="8564" status="PASS">
          <reporter-output>
          </reporter-output>
        </test-method> <!-- enterurl -->
        <test-method signature="detailsEnter(java.lang.String,java.lang.String)[pri:0, instance:TestNG.TestNGDataProvider@537f60bf]" started-at="2024-09-16T17:14:31 IST" name="detailsEnter" data-provider="imtha" finished-at="2024-09-16T17:14:31 IST" duration-ms="251" status="PASS">
          <params>
            <param index="0">
              <value>
                <![CDATA[imtha1998]]>
              </value>
            </param>
            <param index="1">
              <value>
                <![CDATA[12345]]>
              </value>
            </param>
          </params>
          <reporter-output>
          </reporter-output>
        </test-method> <!-- detailsEnter -->
        <test-method is-config="true" signature="close()[pri:0, instance:TestNG.TestNGDataProvider@537f60bf]" started-at="2024-09-16T17:14:31 IST" name="close" finished-at="2024-09-16T17:14:32 IST" duration-ms="272" status="PASS">
          <reporter-output>
          </reporter-output>
        </test-method> <!-- close -->
        <test-method is-config="true" signature="enterurl()[pri:0, instance:TestNG.TestNGDataProvider@537f60bf]" started-at="2024-09-16T17:14:32 IST" name="enterurl" finished-at="2024-09-16T17:14:35 IST" duration-ms="3548" status="PASS">
          <reporter-output>
          </reporter-output>
        </test-method> <!-- enterurl -->
        <test-method signature="detailsEnter(java.lang.String,java.lang.String)[pri:0, instance:TestNG.TestNGDataProvider@537f60bf]" started-at="2024-09-16T17:14:35 IST" name="detailsEnter" data-provider="imtha" finished-at="2024-09-16T17:14:35 IST" duration-ms="237" status="PASS">
          <params>
            <param index="0">
              <value>
                <![CDATA[imtha1999]]>
              </value>
            </param>
            <param index="1">
              <value>
                <![CDATA[245654]]>
              </value>
            </param>
          </params>
          <reporter-output>
          </reporter-output>
        </test-method> <!-- detailsEnter -->
        <test-method is-config="true" signature="close()[pri:0, instance:TestNG.TestNGDataProvider@537f60bf]" started-at="2024-09-16T17:14:35 IST" name="close" finished-at="2024-09-16T17:14:36 IST" duration-ms="427" status="PASS">
          <reporter-output>
          </reporter-output>
        </test-method> <!-- close -->
      </class> <!-- TestNG.TestNGDataProvider -->
    </test> <!-- Default test -->
  </suite> <!-- Default suite -->
</testng-results>
